#
# There is insufficient memory for the Java Runtime Environment to continue.
# Native memory allocation (malloc) failed to allocate 1077216 bytes for Chunk::new
# Possible reasons:
#   The system is out of physical RAM or swap space
#   The process is running with CompressedOops enabled, and the Java Heap may be blocking the growth of the native heap
# Possible solutions:
#   Reduce memory load on the system
#   Increase physical memory or swap space
#   Check if swap backing store is full
#   Decrease Java heap size (-Xmx/-Xms)
#   Decrease number of Java threads
#   Decrease Java thread stack sizes (-Xss)
#   Set larger code cache with -XX:ReservedCodeCacheSize=
#   JVM is running with Unscaled Compressed Oops mode in which the Java heap is
#     placed in the first 4GB address space. The Java Heap base address is the
#     maximum limit for the native heap growth. Please use -XX:HeapBaseMinAddress
#     to set the Java Heap base and to place the Java Heap above 4GB virtual address.
# This output file may be truncated or incomplete.
#
#  Out of Memory Error (arena.cpp:189), pid=10696, tid=9908
#
# JRE version: OpenJDK Runtime Environment (17.0.6) (build 17.0.6+0-b2043.56-9586694)
# Java VM: OpenJDK 64-Bit Server VM (17.0.6+0-b2043.56-9586694, mixed mode, tiered, compressed oops, compressed class ptrs, g1 gc, windows-amd64)
# No core dump will be written. Minidumps are not enabled by default on client versions of Windows
#

---------------  S U M M A R Y ------------

Command Line: --add-opens=java.base/java.util=ALL-UNNAMED --add-opens=java.base/java.lang=ALL-UNNAMED --add-opens=java.base/java.lang.invoke=ALL-UNNAMED --add-opens=java.base/java.util=ALL-UNNAMED --add-opens=java.prefs/java.util.prefs=ALL-UNNAMED --add-opens=java.prefs/java.util.prefs=ALL-UNNAMED --add-opens=java.base/java.nio.charset=ALL-UNNAMED --add-opens=java.base/java.net=ALL-UNNAMED --add-opens=java.base/java.util.concurrent.atomic=ALL-UNNAMED -Xmx2048m -Dfile.encoding=UTF-8 -Duser.country=US -Duser.language=en -Duser.variant org.gradle.launcher.daemon.bootstrap.GradleDaemon 7.3.3

Host: Intel(R) Core(TM) i5-10300H CPU @ 2.50GHz, 8 cores, 7G,  Windows 10 , 64 bit Build 19041 (10.0.19041.3031)
Time: Thu Jul 13 22:49:57 2023 SE Asia Standard Time elapsed time: 11.238898 seconds (0d 0h 0m 11s)

---------------  T H R E A D  ---------------

Current thread (0x00000214005a7560):  JavaThread "C2 CompilerThread2" daemon [_thread_in_native, id=9908, stack(0x00000058edc00000,0x00000058edd00000)]


Current CompileTask:
C2:  11238 7154 %     4       org.gradle.internal.instantiation.generator.AbstractClassGenerator::inspectType @ 107 (560 bytes)

Stack: [0x00000058edc00000,0x00000058edd00000]
Native frames: (J=compiled Java code, j=interpreted, Vv=VM code, C=native code)
V  [jvm.dll+0x683b4a]
V  [jvm.dll+0x842654]
V  [jvm.dll+0x843dfe]
V  [jvm.dll+0x844463]
V  [jvm.dll+0x249b75]
V  [jvm.dll+0xabcac]
V  [jvm.dll+0xac27c]
V  [jvm.dll+0x2b0eef]
V  [jvm.dll+0x58a207]
V  [jvm.dll+0x2243b2]
V  [jvm.dll+0x21ddf4]
V  [jvm.dll+0x21b51b]
V  [jvm.dll+0x1a4fdd]
V  [jvm.dll+0x22b098]
V  [jvm.dll+0x229159]
V  [jvm.dll+0x7f809c]
V  [jvm.dll+0x7f25fa]
V  [jvm.dll+0x682985]
C  [ucrtbase.dll+0x21bb2]
C  [KERNEL32.DLL+0x17614]
C  [ntdll.dll+0x526f1]


---------------  P R O C E S S  ---------------

Threads class SMR info:
_java_thread_list=0x000002140481ad10, length=126, elements={
0x000002146116ab40, 0x000002147afe6260, 0x000002147b8001e0, 0x000002147afe86d0,
0x000002147afea1a0, 0x000002147afeca70, 0x000002147afed330, 0x000002147afedfd0,
0x000002147afee980, 0x000002147b82b910, 0x000002147b9c0700, 0x000002147b9c0fe0,
0x000002147e9b0410, 0x000002147cac09b0, 0x000002147d04ef30, 0x000002147c205e90,
0x000002147e51c530, 0x000002147c5554a0, 0x000002147cef7440, 0x000002147e290570,
0x000002147e28def0, 0x000002147e28d550, 0x000002147e28da20, 0x000002147e28e890,
0x000002147e28ed60, 0x000002147e8985d0, 0x000002147e28f230, 0x000002147e28e3c0,
0x000002147e28f700, 0x000002147e2900a0, 0x000002147e28d080, 0x000002147e28fbd0,
0x0000021400337bc0, 0x00000214003346d0, 0x000002140033a710, 0x0000021400335070,
0x000002140033a240, 0x00000214003376f0, 0x0000021400338f00, 0x00000214003363b0,
0x00000214003393d0, 0x000002140033b580, 0x000002140033ba50, 0x000002140033bf20,
0x0000021400336d50, 0x0000021400339d70, 0x00000214003398a0, 0x0000021400337220,
0x0000021400335540, 0x0000021400335a10, 0x0000021400335ee0, 0x0000021400336880,
0x0000021400338090, 0x000002147be300a0, 0x000002147be2def0, 0x000002147be2aa00,
0x000002147be30a40, 0x000002147be2aed0, 0x000002147be2c210, 0x000002147be2e3c0,
0x000002147be30570, 0x000002147be2ed60, 0x000002147be30f10, 0x000002147be313e0,
0x000002147be2f230, 0x000002147be2fbd0, 0x000002147be318b0, 0x000002147be2f700,
0x000002147be2a530, 0x000002147be2a060, 0x000002147be2b3a0, 0x000002147be2e890,
0x000002147be2b870, 0x000002147be2c6e0, 0x000002147be2bd40, 0x000002147be2cbb0,
0x000002147be2d080, 0x000002147be2d550, 0x000002147be2da20, 0x0000021401c260c0,
0x0000021401c230a0, 0x0000021401c22bd0, 0x0000021401c213c0, 0x0000021401c20550,
0x0000021401c23570, 0x0000021401c23a40, 0x0000021401c23f10, 0x0000021401c243e0,
0x0000021401c21890, 0x0000021401c21d60, 0x0000021401c20080, 0x0000021401c26f30,
0x0000021401c248b0, 0x0000021401c22230, 0x0000021401c25bf0, 0x0000021401c24d80,
0x0000021401c22700, 0x0000021401c26a60, 0x0000021401c26590, 0x0000021401c25250,
0x0000021401c25720, 0x0000021401c27400, 0x0000021401c278d0, 0x0000021401c20a20,
0x0000021401c20ef0, 0x00000214004f7ba0, 0x00000214004f93b0, 0x00000214004f5520,
0x00000214004f8ee0, 0x00000214004f3840, 0x00000214004f8540, 0x00000214004fa220,
0x00000214004fa6f0, 0x00000214004f6860, 0x00000214004f9880, 0x00000214004f4b80,
0x00000214004f8070, 0x00000214004f5050, 0x00000214004f41e0, 0x00000214004f8a10,
0x00000214004f9d50, 0x00000214004fabc0, 0x00000214004f3370, 0x00000214004f3d10,
0x00000214005a7560, 0x00000214004f7200
}

Java Threads: ( => current thread )
  0x000002146116ab40 JavaThread "main" [_thread_blocked, id=13016, stack(0x00000058e5400000,0x00000058e5500000)]
  0x000002147afe6260 JavaThread "Reference Handler" daemon [_thread_blocked, id=11424, stack(0x00000058e5b00000,0x00000058e5c00000)]
  0x000002147b8001e0 JavaThread "Finalizer" daemon [_thread_blocked, id=11796, stack(0x00000058e5c00000,0x00000058e5d00000)]
  0x000002147afe86d0 JavaThread "Signal Dispatcher" daemon [_thread_blocked, id=1160, stack(0x00000058e5d00000,0x00000058e5e00000)]
  0x000002147afea1a0 JavaThread "Attach Listener" daemon [_thread_blocked, id=7504, stack(0x00000058e5e00000,0x00000058e5f00000)]
  0x000002147afeca70 JavaThread "Service Thread" daemon [_thread_blocked, id=3268, stack(0x00000058e5f00000,0x00000058e6000000)]
  0x000002147afed330 JavaThread "Monitor Deflation Thread" daemon [_thread_blocked, id=7844, stack(0x00000058e6000000,0x00000058e6100000)]
  0x000002147afedfd0 JavaThread "C2 CompilerThread0" daemon [_thread_in_native, id=2184, stack(0x00000058e6100000,0x00000058e6200000)]
  0x000002147afee980 JavaThread "C1 CompilerThread0" daemon [_thread_blocked, id=7112, stack(0x00000058e6200000,0x00000058e6300000)]
  0x000002147b82b910 JavaThread "Sweeper thread" daemon [_thread_blocked, id=12112, stack(0x00000058e6300000,0x00000058e6400000)]
  0x000002147b9c0700 JavaThread "Common-Cleaner" daemon [_thread_blocked, id=11784, stack(0x00000058e6400000,0x00000058e6500000)]
  0x000002147b9c0fe0 JavaThread "Notification Thread" daemon [_thread_blocked, id=1488, stack(0x00000058e6500000,0x00000058e6600000)]
  0x000002147e9b0410 JavaThread "Daemon health stats" [_thread_blocked, id=12036, stack(0x00000058e6c00000,0x00000058e6d00000)]
  0x000002147cac09b0 JavaThread "Incoming local TCP Connector on port 50023" [_thread_in_native, id=9276, stack(0x00000058e6d00000,0x00000058e6e00000)]
  0x000002147d04ef30 JavaThread "Daemon periodic checks" [_thread_blocked, id=9212, stack(0x00000058e6e00000,0x00000058e6f00000)]
  0x000002147c205e90 JavaThread "Daemon" [_thread_blocked, id=12632, stack(0x00000058e6f00000,0x00000058e7000000)]
  0x000002147e51c530 JavaThread "Handler for socket connection from /127.0.0.1:50023 to /127.0.0.1:50024" [_thread_in_native, id=12816, stack(0x00000058e7000000,0x00000058e7100000)]
  0x000002147c5554a0 JavaThread "Cancel handler" [_thread_blocked, id=11228, stack(0x00000058e6700000,0x00000058e6800000)]
  0x000002147cef7440 JavaThread "Daemon worker" [_thread_in_vm, id=14052, stack(0x00000058e7100000,0x00000058e7200000)]
  0x000002147e290570 JavaThread "Asynchronous log dispatcher for DefaultDaemonConnection: socket connection from /127.0.0.1:50023 to /127.0.0.1:50024" [_thread_blocked, id=5484, stack(0x00000058e7200000,0x00000058e7300000)]
  0x000002147e28def0 JavaThread "Stdin handler" [_thread_blocked, id=1468, stack(0x00000058e7300000,0x00000058e7400000)]
  0x000002147e28d550 JavaThread "Daemon client event forwarder" [_thread_blocked, id=5440, stack(0x00000058e7400000,0x00000058e7500000)]
  0x000002147e28da20 JavaThread "Cache worker for journal cache (C:\Users\ntdun\.gradle\caches\journal-1)" [_thread_blocked, id=9452, stack(0x00000058e7500000,0x00000058e7600000)]
  0x000002147e28e890 JavaThread "File lock request listener" [_thread_in_native, id=8308, stack(0x00000058e7600000,0x00000058e7700000)]
  0x000002147e28ed60 JavaThread "Cache worker for file hash cache (C:\Users\ntdun\.gradle\caches\7.3.3\fileHashes)" [_thread_blocked, id=1120, stack(0x00000058e7b00000,0x00000058e7c00000)]
  0x000002147e8985d0 JavaThread "C2 CompilerThread1" daemon [_thread_in_native, id=8328, stack(0x00000058e7c00000,0x00000058e7d00000)]
  0x000002147e28f230 JavaThread "Cache worker for file hash cache (D:\Mob403\MOB403_BTB5\MOB403_BTB5\.gradle\7.3.3\fileHashes)" [_thread_blocked, id=12108, stack(0x00000058e7d00000,0x00000058e7e00000)]
  0x000002147e28e3c0 JavaThread "File watcher server" daemon [_thread_in_native, id=12764, stack(0x00000058e7f00000,0x00000058e8000000)]
  0x000002147e28f700 JavaThread "File watcher consumer" daemon [_thread_blocked, id=12800, stack(0x00000058e8000000,0x00000058e8100000)]
  0x000002147e2900a0 JavaThread "Cache worker for checksums cache (D:\Mob403\MOB403_BTB5\MOB403_BTB5\.gradle\7.3.3\checksums)" [_thread_blocked, id=10348, stack(0x00000058e8100000,0x00000058e8200000)]
  0x000002147e28d080 JavaThread "Cache worker for cache directory md-supplier (C:\Users\ntdun\.gradle\caches\7.3.3\md-supplier)" [_thread_blocked, id=5432, stack(0x00000058e8200000,0x00000058e8300000)]
  0x000002147e28fbd0 JavaThread "Cache worker for cache directory md-rule (C:\Users\ntdun\.gradle\caches\7.3.3\md-rule)" [_thread_blocked, id=14236, stack(0x00000058e8300000,0x00000058e8400000)]
  0x0000021400337bc0 JavaThread "Cache worker for execution history cache (C:\Users\ntdun\.gradle\caches\7.3.3\executionHistory)" [_thread_blocked, id=7592, stack(0x00000058e8400000,0x00000058e8500000)]
  0x00000214003346d0 JavaThread "jar transforms" [_thread_blocked, id=148, stack(0x00000058e8500000,0x00000058e8600000)]
  0x000002140033a710 JavaThread "jar transforms Thread 2" [_thread_blocked, id=1076, stack(0x00000058e8600000,0x00000058e8700000)]
  0x0000021400335070 JavaThread "Cache worker for file content cache (C:\Users\ntdun\.gradle\caches\7.3.3\fileContent)" [_thread_blocked, id=13300, stack(0x00000058e8700000,0x00000058e8800000)]
  0x000002140033a240 JavaThread "jar transforms Thread 3" [_thread_blocked, id=1500, stack(0x00000058e8800000,0x00000058e8900000)]
  0x00000214003376f0 JavaThread "jar transforms Thread 4" [_thread_blocked, id=13812, stack(0x00000058e8900000,0x00000058e8a00000)]
  0x0000021400338f00 JavaThread "Cache worker for dependencies-accessors (D:\Mob403\MOB403_BTB5\MOB403_BTB5\.gradle\7.3.3\dependencies-accessors)" [_thread_blocked, id=7732, stack(0x00000058e8a00000,0x00000058e8b00000)]
  0x00000214003363b0 JavaThread "jar transforms Thread 5" [_thread_blocked, id=8584, stack(0x00000058e8b00000,0x00000058e8c00000)]
  0x00000214003393d0 JavaThread "Cache worker for Build Output Cleanup Cache (D:\Mob403\MOB403_BTB5\MOB403_BTB5\.gradle\buildOutputCleanup)" [_thread_blocked, id=7012, stack(0x00000058e8c00000,0x00000058e8d00000)]
  0x000002140033b580 JavaThread "Unconstrained build operations" [_thread_blocked, id=10116, stack(0x00000058e7e00000,0x00000058e7f00000)]
  0x000002140033ba50 JavaThread "Unconstrained build operations Thread 2" [_thread_blocked, id=6284, stack(0x00000058e8d00000,0x00000058e8e00000)]
  0x000002140033bf20 JavaThread "Unconstrained build operations Thread 3" [_thread_blocked, id=6512, stack(0x00000058e8e00000,0x00000058e8f00000)]
  0x0000021400336d50 JavaThread "Unconstrained build operations Thread 4" [_thread_blocked, id=12888, stack(0x00000058e8f00000,0x00000058e9000000)]
  0x0000021400339d70 JavaThread "Unconstrained build operations Thread 5" [_thread_blocked, id=10152, stack(0x00000058e9000000,0x00000058e9100000)]
  0x00000214003398a0 JavaThread "Unconstrained build operations Thread 6" [_thread_blocked, id=5792, stack(0x00000058e9100000,0x00000058e9200000)]
  0x0000021400337220 JavaThread "Unconstrained build operations Thread 7" [_thread_blocked, id=1364, stack(0x00000058e9200000,0x00000058e9300000)]
  0x0000021400335540 JavaThread "Unconstrained build operations Thread 8" [_thread_blocked, id=9712, stack(0x00000058e9300000,0x00000058e9400000)]
  0x0000021400335a10 JavaThread "Unconstrained build operations Thread 9" [_thread_blocked, id=8120, stack(0x00000058e9400000,0x00000058e9500000)]
  0x0000021400335ee0 JavaThread "Unconstrained build operations Thread 10" [_thread_blocked, id=6740, stack(0x00000058e9500000,0x00000058e9600000)]
  0x0000021400336880 JavaThread "Unconstrained build operations Thread 11" [_thread_blocked, id=2864, stack(0x00000058e9600000,0x00000058e9700000)]
  0x0000021400338090 JavaThread "Unconstrained build operations Thread 12" [_thread_blocked, id=12408, stack(0x00000058e9700000,0x00000058e9800000)]
  0x000002147be300a0 JavaThread "Unconstrained build operations Thread 13" [_thread_blocked, id=4280, stack(0x00000058e9800000,0x00000058e9900000)]
  0x000002147be2def0 JavaThread "Unconstrained build operations Thread 14" [_thread_blocked, id=9896, stack(0x00000058e9900000,0x00000058e9a00000)]
  0x000002147be2aa00 JavaThread "Unconstrained build operations Thread 15" [_thread_blocked, id=2660, stack(0x00000058e9a00000,0x00000058e9b00000)]
  0x000002147be30a40 JavaThread "Unconstrained build operations Thread 16" [_thread_blocked, id=8616, stack(0x00000058e9b00000,0x00000058e9c00000)]
  0x000002147be2aed0 JavaThread "Unconstrained build operations Thread 17" [_thread_blocked, id=12676, stack(0x00000058e9c00000,0x00000058e9d00000)]
  0x000002147be2c210 JavaThread "Unconstrained build operations Thread 18" [_thread_blocked, id=1676, stack(0x00000058e9d00000,0x00000058e9e00000)]
  0x000002147be2e3c0 JavaThread "Unconstrained build operations Thread 19" [_thread_blocked, id=14164, stack(0x00000058e9e00000,0x00000058e9f00000)]
  0x000002147be30570 JavaThread "Unconstrained build operations Thread 20" [_thread_blocked, id=13788, stack(0x00000058e9f00000,0x00000058ea000000)]
  0x000002147be2ed60 JavaThread "Unconstrained build operations Thread 21" [_thread_blocked, id=7712, stack(0x00000058ea000000,0x00000058ea100000)]
  0x000002147be30f10 JavaThread "Unconstrained build operations Thread 22" [_thread_blocked, id=14144, stack(0x00000058ea100000,0x00000058ea200000)]
  0x000002147be313e0 JavaThread "Unconstrained build operations Thread 23" [_thread_blocked, id=10016, stack(0x00000058ea200000,0x00000058ea300000)]
  0x000002147be2f230 JavaThread "Unconstrained build operations Thread 24" [_thread_blocked, id=5308, stack(0x00000058ea300000,0x00000058ea400000)]
  0x000002147be2fbd0 JavaThread "Unconstrained build operations Thread 25" [_thread_blocked, id=676, stack(0x00000058ea400000,0x00000058ea500000)]
  0x000002147be318b0 JavaThread "Unconstrained build operations Thread 26" [_thread_blocked, id=10368, stack(0x00000058ea500000,0x00000058ea600000)]
  0x000002147be2f700 JavaThread "Unconstrained build operations Thread 27" [_thread_blocked, id=13544, stack(0x00000058ea600000,0x00000058ea700000)]
  0x000002147be2a530 JavaThread "Unconstrained build operations Thread 28" [_thread_blocked, id=3944, stack(0x00000058ea700000,0x00000058ea800000)]
  0x000002147be2a060 JavaThread "Unconstrained build operations Thread 29" [_thread_blocked, id=8448, stack(0x00000058ea800000,0x00000058ea900000)]
  0x000002147be2b3a0 JavaThread "Unconstrained build operations Thread 30" [_thread_blocked, id=8428, stack(0x00000058ea900000,0x00000058eaa00000)]
  0x000002147be2e890 JavaThread "Unconstrained build operations Thread 31" [_thread_blocked, id=8592, stack(0x00000058eaa00000,0x00000058eab00000)]
  0x000002147be2b870 JavaThread "Unconstrained build operations Thread 32" [_thread_blocked, id=13640, stack(0x00000058eab00000,0x00000058eac00000)]
  0x000002147be2c6e0 JavaThread "Unconstrained build operations Thread 33" [_thread_blocked, id=13220, stack(0x00000058eac00000,0x00000058ead00000)]
  0x000002147be2bd40 JavaThread "Unconstrained build operations Thread 34" [_thread_blocked, id=9592, stack(0x00000058ead00000,0x00000058eae00000)]
  0x000002147be2cbb0 JavaThread "Unconstrained build operations Thread 35" [_thread_blocked, id=6432, stack(0x00000058eae00000,0x00000058eaf00000)]
  0x000002147be2d080 JavaThread "Unconstrained build operations Thread 36" [_thread_blocked, id=6304, stack(0x00000058eaf00000,0x00000058eb000000)]
  0x000002147be2d550 JavaThread "Unconstrained build operations Thread 37" [_thread_blocked, id=13772, stack(0x00000058eb000000,0x00000058eb100000)]
  0x000002147be2da20 JavaThread "Unconstrained build operations Thread 38" [_thread_blocked, id=11728, stack(0x00000058eb100000,0x00000058eb200000)]
  0x0000021401c260c0 JavaThread "Unconstrained build operations Thread 39" [_thread_blocked, id=10380, stack(0x00000058eb200000,0x00000058eb300000)]
  0x0000021401c230a0 JavaThread "Unconstrained build operations Thread 40" [_thread_blocked, id=12772, stack(0x00000058eb300000,0x00000058eb400000)]
  0x0000021401c22bd0 JavaThread "Unconstrained build operations Thread 41" [_thread_blocked, id=10952, stack(0x00000058eb400000,0x00000058eb500000)]
  0x0000021401c213c0 JavaThread "Unconstrained build operations Thread 42" [_thread_blocked, id=8724, stack(0x00000058eb500000,0x00000058eb600000)]
  0x0000021401c20550 JavaThread "Unconstrained build operations Thread 43" [_thread_blocked, id=12600, stack(0x00000058eb600000,0x00000058eb700000)]
  0x0000021401c23570 JavaThread "Unconstrained build operations Thread 44" [_thread_blocked, id=10832, stack(0x00000058eb700000,0x00000058eb800000)]
  0x0000021401c23a40 JavaThread "Unconstrained build operations Thread 45" [_thread_blocked, id=11396, stack(0x00000058eb800000,0x00000058eb900000)]
  0x0000021401c23f10 JavaThread "Unconstrained build operations Thread 46" [_thread_blocked, id=12340, stack(0x00000058eb900000,0x00000058eba00000)]
  0x0000021401c243e0 JavaThread "Unconstrained build operations Thread 47" [_thread_blocked, id=11392, stack(0x00000058eba00000,0x00000058ebb00000)]
  0x0000021401c21890 JavaThread "Unconstrained build operations Thread 48" [_thread_blocked, id=11260, stack(0x00000058ebb00000,0x00000058ebc00000)]
  0x0000021401c21d60 JavaThread "Unconstrained build operations Thread 49" [_thread_blocked, id=13868, stack(0x00000058ebc00000,0x00000058ebd00000)]
  0x0000021401c20080 JavaThread "Unconstrained build operations Thread 50" [_thread_blocked, id=32, stack(0x00000058ebd00000,0x00000058ebe00000)]
  0x0000021401c26f30 JavaThread "Unconstrained build operations Thread 51" [_thread_blocked, id=8636, stack(0x00000058ebe00000,0x00000058ebf00000)]
  0x0000021401c248b0 JavaThread "Unconstrained build operations Thread 52" [_thread_blocked, id=3436, stack(0x00000058ebf00000,0x00000058ec000000)]
  0x0000021401c22230 JavaThread "Unconstrained build operations Thread 53" [_thread_blocked, id=2564, stack(0x00000058ec000000,0x00000058ec100000)]
  0x0000021401c25bf0 JavaThread "Unconstrained build operations Thread 54" [_thread_blocked, id=6192, stack(0x00000058ec100000,0x00000058ec200000)]
  0x0000021401c24d80 JavaThread "Unconstrained build operations Thread 55" [_thread_blocked, id=8860, stack(0x00000058ec200000,0x00000058ec300000)]
  0x0000021401c22700 JavaThread "Unconstrained build operations Thread 56" [_thread_blocked, id=6872, stack(0x00000058ec300000,0x00000058ec400000)]
  0x0000021401c26a60 JavaThread "Unconstrained build operations Thread 57" [_thread_blocked, id=6744, stack(0x00000058ec400000,0x00000058ec500000)]
  0x0000021401c26590 JavaThread "Unconstrained build operations Thread 58" [_thread_blocked, id=9028, stack(0x00000058ec500000,0x00000058ec600000)]
  0x0000021401c25250 JavaThread "Unconstrained build operations Thread 59" [_thread_blocked, id=12988, stack(0x00000058ec600000,0x00000058ec700000)]
  0x0000021401c25720 JavaThread "Unconstrained build operations Thread 60" [_thread_blocked, id=2204, stack(0x00000058ec700000,0x00000058ec800000)]
  0x0000021401c27400 JavaThread "Unconstrained build operations Thread 61" [_thread_blocked, id=12276, stack(0x00000058ec800000,0x00000058ec900000)]
  0x0000021401c278d0 JavaThread "Unconstrained build operations Thread 62" [_thread_blocked, id=9704, stack(0x00000058ec900000,0x00000058eca00000)]
  0x0000021401c20a20 JavaThread "Unconstrained build operations Thread 63" [_thread_blocked, id=9784, stack(0x00000058eca00000,0x00000058ecb00000)]
  0x0000021401c20ef0 JavaThread "Unconstrained build operations Thread 64" [_thread_blocked, id=3028, stack(0x00000058ecb00000,0x00000058ecc00000)]
  0x00000214004f7ba0 JavaThread "Unconstrained build operations Thread 65" [_thread_blocked, id=7516, stack(0x00000058ecc00000,0x00000058ecd00000)]
  0x00000214004f93b0 JavaThread "Unconstrained build operations Thread 66" [_thread_blocked, id=2972, stack(0x00000058ecd00000,0x00000058ece00000)]
  0x00000214004f5520 JavaThread "Unconstrained build operations Thread 67" [_thread_blocked, id=268, stack(0x00000058ece00000,0x00000058ecf00000)]
  0x00000214004f8ee0 JavaThread "Unconstrained build operations Thread 68" [_thread_blocked, id=12720, stack(0x00000058ecf00000,0x00000058ed000000)]
  0x00000214004f3840 JavaThread "Unconstrained build operations Thread 69" [_thread_blocked, id=6036, stack(0x00000058ed000000,0x00000058ed100000)]
  0x00000214004f8540 JavaThread "Unconstrained build operations Thread 70" [_thread_blocked, id=11384, stack(0x00000058ed100000,0x00000058ed200000)]
  0x00000214004fa220 JavaThread "Unconstrained build operations Thread 71" [_thread_blocked, id=13824, stack(0x00000058ed200000,0x00000058ed300000)]
  0x00000214004fa6f0 JavaThread "Unconstrained build operations Thread 72" [_thread_blocked, id=4412, stack(0x00000058ed300000,0x00000058ed400000)]
  0x00000214004f6860 JavaThread "Unconstrained build operations Thread 73" [_thread_blocked, id=1636, stack(0x00000058ed400000,0x00000058ed500000)]
  0x00000214004f9880 JavaThread "Unconstrained build operations Thread 74" [_thread_blocked, id=11312, stack(0x00000058ed500000,0x00000058ed600000)]
  0x00000214004f4b80 JavaThread "Unconstrained build operations Thread 75" [_thread_blocked, id=12668, stack(0x00000058ed600000,0x00000058ed700000)]
  0x00000214004f8070 JavaThread "Unconstrained build operations Thread 76" [_thread_blocked, id=14172, stack(0x00000058ed700000,0x00000058ed800000)]
  0x00000214004f5050 JavaThread "Unconstrained build operations Thread 77" [_thread_blocked, id=7176, stack(0x00000058ed800000,0x00000058ed900000)]
  0x00000214004f41e0 JavaThread "Unconstrained build operations Thread 78" [_thread_blocked, id=11812, stack(0x00000058ed900000,0x00000058eda00000)]
  0x00000214004f8a10 JavaThread "Unconstrained build operations Thread 79" [_thread_blocked, id=4392, stack(0x00000058eda00000,0x00000058edb00000)]
  0x00000214004f9d50 JavaThread "Unconstrained build operations Thread 80" [_thread_blocked, id=2100, stack(0x00000058edb00000,0x00000058edc00000)]
  0x00000214004fabc0 JavaThread "jar transforms Thread 6" [_thread_blocked, id=6104, stack(0x00000058edd00000,0x00000058ede00000)]
  0x00000214004f3370 JavaThread "jar transforms Thread 7" [_thread_blocked, id=11920, stack(0x00000058ede00000,0x00000058edf00000)]
  0x00000214004f3d10 JavaThread "jar transforms Thread 8" [_thread_blocked, id=14204, stack(0x00000058edf00000,0x00000058ee000000)]
=>0x00000214005a7560 JavaThread "C2 CompilerThread2" daemon [_thread_in_native, id=9908, stack(0x00000058edc00000,0x00000058edd00000)]
  0x00000214004f7200 JavaThread "Memory manager" [_thread_blocked, id=12604, stack(0x00000058ee000000,0x00000058ee100000)]

Other Threads:
  0x000002147afc3710 VMThread "VM Thread" [stack: 0x00000058e5a00000,0x00000058e5b00000] [id=12588]
  0x00000214611edc80 WatcherThread [stack: 0x00000058e6600000,0x00000058e6700000] [id=9696]
  0x00000214611caad0 GCTaskThread "GC Thread#0" [stack: 0x00000058e5500000,0x00000058e5600000] [id=8936]
  0x000002147bb42260 GCTaskThread "GC Thread#1" [stack: 0x00000058e6800000,0x00000058e6900000] [id=7324]
  0x000002147bb43280 GCTaskThread "GC Thread#2" [stack: 0x00000058e6900000,0x00000058e6a00000] [id=10044]
  0x000002147bb42d20 GCTaskThread "GC Thread#3" [stack: 0x00000058e6a00000,0x00000058e6b00000] [id=3676]
  0x000002147bb41a50 GCTaskThread "GC Thread#4" [stack: 0x00000058e6b00000,0x00000058e6c00000] [id=996]
  0x000002147bb41fb0 GCTaskThread "GC Thread#5" [stack: 0x00000058e7700000,0x00000058e7800000] [id=1540]
  0x000002147bb427c0 GCTaskThread "GC Thread#6" [stack: 0x00000058e7800000,0x00000058e7900000] [id=14316]
  0x000002147ef83fb0 GCTaskThread "GC Thread#7" [stack: 0x00000058e7900000,0x00000058e7a00000] [id=12880]
  0x00000214611db920 ConcurrentGCThread "G1 Main Marker" [stack: 0x00000058e5600000,0x00000058e5700000] [id=9072]
  0x00000214611dc9e0 ConcurrentGCThread "G1 Conc#0" [stack: 0x00000058e5700000,0x00000058e5800000] [id=8416]
  0x000002147ef837a0 ConcurrentGCThread "G1 Conc#1" [stack: 0x00000058e7a00000,0x00000058e7b00000] [id=1420]
  0x0000021461235440 ConcurrentGCThread "G1 Refine#0" [stack: 0x00000058e5800000,0x00000058e5900000] [id=14104]
  0x000002147ae220c0 ConcurrentGCThread "G1 Service" [stack: 0x00000058e5900000,0x00000058e5a00000] [id=6952]

Threads with active compile tasks:
C2 CompilerThread0    11272 7169       4       java.beans.Introspector::addMethod (196 bytes)
C2 CompilerThread1    11272 7170   !   4       java.lang.reflect.Executable::sharedToGenericString (255 bytes)
C2 CompilerThread2    11272 7154 %     4       org.gradle.internal.instantiation.generator.AbstractClassGenerator::inspectType @ 107 (560 bytes)

VM state: not at safepoint (normal execution)

VM Mutex/Monitor currently owned by a thread: None

Heap address: 0x0000000080000000, size: 2048 MB, Compressed Oops mode: 32-bit

CDS archive(s) not mapped
Compressed class space mapped at: 0x0000000100000000-0x0000000140000000, reserved size: 1073741824
Narrow klass base: 0x0000000000000000, Narrow klass shift: 3, Narrow klass range: 0x140000000

GC Precious Log:
 CPUs: 8 total, 8 available
 Memory: 8023M
 Large Page Support: Disabled
 NUMA Support: Disabled
 Compressed Oops: Enabled (32-bit)
 Heap Region Size: 1M
 Heap Min Capacity: 8M
 Heap Initial Capacity: 126M
 Heap Max Capacity: 2G
 Pre-touch: Disabled
 Parallel Workers: 8
 Concurrent Workers: 2
 Concurrent Refinement Workers: 8
 Periodic GC: Disabled

Heap:
 garbage-first heap   total 102400K, used 71494K [0x0000000080000000, 0x0000000100000000)
  region size 1024K, 18 young (18432K), 4 survivors (4096K)
 Metaspace       used 73667K, committed 74176K, reserved 1114112K
  class space    used 9814K, committed 10048K, reserved 1048576K

Heap Regions: E=young(eden), S=young(survivor), O=old, HS=humongous(starts), HC=humongous(continues), CS=collection set, F=free, OA=open archive, CA=closed archive, TAMS=top-at-mark-start (previous, next)
|   0|0x0000000080000000, 0x0000000080100000, 0x0000000080100000|100%| O|  |TAMS 0x0000000080100000, 0x0000000080000000| Untracked 
|   1|0x0000000080100000, 0x0000000080200000, 0x0000000080200000|100%| O|  |TAMS 0x0000000080200000, 0x0000000080100000| Untracked 
|   2|0x0000000080200000, 0x0000000080300000, 0x0000000080300000|100%| O|  |TAMS 0x0000000080300000, 0x0000000080200000| Untracked 
|   3|0x0000000080300000, 0x0000000080400000, 0x0000000080400000|100%|HS|  |TAMS 0x0000000080400000, 0x0000000080300000| Complete 
|   4|0x0000000080400000, 0x0000000080500000, 0x0000000080500000|100%|HC|  |TAMS 0x0000000080500000, 0x0000000080400000| Complete 
|   5|0x0000000080500000, 0x0000000080600000, 0x0000000080600000|100%|HC|  |TAMS 0x0000000080600000, 0x0000000080500000| Complete 
|   6|0x0000000080600000, 0x0000000080700000, 0x0000000080700000|100%| O|  |TAMS 0x0000000080700000, 0x0000000080600000| Untracked 
|   7|0x0000000080700000, 0x0000000080800000, 0x0000000080800000|100%| O|  |TAMS 0x0000000080800000, 0x0000000080700000| Untracked 
|   8|0x0000000080800000, 0x0000000080900000, 0x0000000080900000|100%| O|  |TAMS 0x0000000080900000, 0x0000000080800000| Untracked 
|   9|0x0000000080900000, 0x0000000080a00000, 0x0000000080a00000|100%| O|  |TAMS 0x0000000080a00000, 0x0000000080900000| Untracked 
|  10|0x0000000080a00000, 0x0000000080a7e800, 0x0000000080b00000| 49%| O|  |TAMS 0x0000000080a7e800, 0x0000000080a00000| Untracked 
|  11|0x0000000080b00000, 0x0000000080c00000, 0x0000000080c00000|100%| O|  |TAMS 0x0000000080c00000, 0x0000000080b00000| Untracked 
|  12|0x0000000080c00000, 0x0000000080d00000, 0x0000000080d00000|100%| O|  |TAMS 0x0000000080d00000, 0x0000000080c00000| Untracked 
|  13|0x0000000080d00000, 0x0000000080e00000, 0x0000000080e00000|100%| O|  |TAMS 0x0000000080e00000, 0x0000000080d00000| Untracked 
|  14|0x0000000080e00000, 0x0000000080f00000, 0x0000000080f00000|100%| O|  |TAMS 0x0000000080f00000, 0x0000000080e00000| Untracked 
|  15|0x0000000080f00000, 0x0000000081000000, 0x0000000081000000|100%| O|  |TAMS 0x0000000081000000, 0x0000000080f00000| Untracked 
|  16|0x0000000081000000, 0x0000000081100000, 0x0000000081100000|100%| O|  |TAMS 0x0000000081100000, 0x0000000081000000| Untracked 
|  17|0x0000000081100000, 0x0000000081200000, 0x0000000081200000|100%| O|  |TAMS 0x0000000081200000, 0x0000000081100000| Untracked 
|  18|0x0000000081200000, 0x0000000081300000, 0x0000000081300000|100%| O|  |TAMS 0x0000000081300000, 0x0000000081200000| Untracked 
|  19|0x0000000081300000, 0x0000000081400000, 0x0000000081400000|100%| O|  |TAMS 0x0000000081400000, 0x0000000081300000| Untracked 
|  20|0x0000000081400000, 0x0000000081500000, 0x0000000081500000|100%| O|  |TAMS 0x0000000081500000, 0x0000000081400000| Untracked 
|  21|0x0000000081500000, 0x0000000081600000, 0x0000000081600000|100%| O|  |TAMS 0x0000000081600000, 0x0000000081500000| Untracked 
|  22|0x0000000081600000, 0x0000000081700000, 0x0000000081700000|100%| O|  |TAMS 0x0000000081700000, 0x0000000081600000| Untracked 
|  23|0x0000000081700000, 0x0000000081800000, 0x0000000081800000|100%| O|  |TAMS 0x0000000081800000, 0x0000000081700000| Untracked 
|  24|0x0000000081800000, 0x0000000081900000, 0x0000000081900000|100%| O|  |TAMS 0x0000000081900000, 0x0000000081800000| Untracked 
|  25|0x0000000081900000, 0x0000000081a00000, 0x0000000081a00000|100%| O|  |TAMS 0x0000000081a00000, 0x0000000081900000| Untracked 
|  26|0x0000000081a00000, 0x0000000081b00000, 0x0000000081b00000|100%| O|  |TAMS 0x0000000081b00000, 0x0000000081a00000| Untracked 
|  27|0x0000000081b00000, 0x0000000081c00000, 0x0000000081c00000|100%| O|  |TAMS 0x0000000081c00000, 0x0000000081b00000| Untracked 
|  28|0x0000000081c00000, 0x0000000081d00000, 0x0000000081d00000|100%| O|  |TAMS 0x0000000081d00000, 0x0000000081c00000| Untracked 
|  29|0x0000000081d00000, 0x0000000081e00000, 0x0000000081e00000|100%| O|  |TAMS 0x0000000081e00000, 0x0000000081d00000| Untracked 
|  30|0x0000000081e00000, 0x0000000081f00000, 0x0000000081f00000|100%| O|  |TAMS 0x0000000081f00000, 0x0000000081e00000| Untracked 
|  31|0x0000000081f00000, 0x0000000082000000, 0x0000000082000000|100%| O|  |TAMS 0x0000000082000000, 0x0000000081f00000| Untracked 
|  32|0x0000000082000000, 0x0000000082100000, 0x0000000082100000|100%| O|  |TAMS 0x0000000082100000, 0x0000000082000000| Untracked 
|  33|0x0000000082100000, 0x0000000082200000, 0x0000000082200000|100%| O|  |TAMS 0x0000000082200000, 0x0000000082100000| Untracked 
|  34|0x0000000082200000, 0x0000000082300000, 0x0000000082300000|100%|HS|  |TAMS 0x0000000082300000, 0x0000000082200000| Complete 
|  35|0x0000000082300000, 0x0000000082400000, 0x0000000082400000|100%|HS|  |TAMS 0x0000000082400000, 0x0000000082300000| Complete 
|  36|0x0000000082400000, 0x0000000082500000, 0x0000000082500000|100%| O|  |TAMS 0x0000000082500000, 0x0000000082400000| Untracked 
|  37|0x0000000082500000, 0x0000000082600000, 0x0000000082600000|100%| O|  |TAMS 0x0000000082600000, 0x0000000082500000| Untracked 
|  38|0x0000000082600000, 0x0000000082700000, 0x0000000082700000|100%|HS|  |TAMS 0x0000000082700000, 0x0000000082600000| Complete 
|  39|0x0000000082700000, 0x0000000082800000, 0x0000000082800000|100%|HC|  |TAMS 0x0000000082800000, 0x0000000082700000| Complete 
|  40|0x0000000082800000, 0x0000000082900000, 0x0000000082900000|100%| O|  |TAMS 0x0000000082900000, 0x0000000082800000| Untracked 
|  41|0x0000000082900000, 0x0000000082a00000, 0x0000000082a00000|100%| O|  |TAMS 0x0000000082a00000, 0x0000000082900000| Untracked 
|  42|0x0000000082a00000, 0x0000000082b00000, 0x0000000082b00000|100%| O|  |TAMS 0x0000000082b00000, 0x0000000082a00000| Untracked 
|  43|0x0000000082b00000, 0x0000000082c00000, 0x0000000082c00000|100%| O|  |TAMS 0x0000000082c00000, 0x0000000082b00000| Untracked 
|  44|0x0000000082c00000, 0x0000000082d00000, 0x0000000082d00000|100%| O|  |TAMS 0x0000000082d00000, 0x0000000082c00000| Untracked 
|  45|0x0000000082d00000, 0x0000000082e00000, 0x0000000082e00000|100%| O|  |TAMS 0x0000000082e00000, 0x0000000082d00000| Untracked 
|  46|0x0000000082e00000, 0x0000000082f00000, 0x0000000082f00000|100%| O|  |TAMS 0x0000000082f00000, 0x0000000082e00000| Untracked 
|  47|0x0000000082f00000, 0x0000000083000000, 0x0000000083000000|100%| O|  |TAMS 0x0000000083000000, 0x0000000082f00000| Untracked 
|  48|0x0000000083000000, 0x0000000083100000, 0x0000000083100000|100%| O|  |TAMS 0x0000000083100000, 0x0000000083000000| Untracked 
|  49|0x0000000083100000, 0x0000000083200000, 0x0000000083200000|100%| O|  |TAMS 0x0000000083200000, 0x0000000083100000| Untracked 
|  50|0x0000000083200000, 0x0000000083300000, 0x0000000083300000|100%| O|  |TAMS 0x00000000832b2000, 0x0000000083200000| Untracked 
|  51|0x0000000083300000, 0x0000000083400000, 0x0000000083400000|100%| O|  |TAMS 0x0000000083300000, 0x0000000083300000| Untracked 
|  52|0x0000000083400000, 0x0000000083500000, 0x0000000083500000|100%| O|  |TAMS 0x0000000083400000, 0x0000000083400000| Untracked 
|  53|0x0000000083500000, 0x0000000083600000, 0x0000000083600000|100%| O|  |TAMS 0x0000000083500000, 0x0000000083500000| Untracked 
|  54|0x0000000083600000, 0x0000000083605200, 0x0000000083700000|  2%| O|  |TAMS 0x0000000083600000, 0x0000000083600000| Untracked 
|  55|0x0000000083700000, 0x0000000083700000, 0x0000000083800000|  0%| F|  |TAMS 0x0000000083700000, 0x0000000083700000| Untracked 
|  56|0x0000000083800000, 0x0000000083800000, 0x0000000083900000|  0%| F|  |TAMS 0x0000000083800000, 0x0000000083800000| Untracked 
|  57|0x0000000083900000, 0x0000000083900000, 0x0000000083a00000|  0%| F|  |TAMS 0x0000000083900000, 0x0000000083900000| Untracked 
|  58|0x0000000083a00000, 0x0000000083a00000, 0x0000000083b00000|  0%| F|  |TAMS 0x0000000083a00000, 0x0000000083a00000| Untracked 
|  59|0x0000000083b00000, 0x0000000083b00000, 0x0000000083c00000|  0%| F|  |TAMS 0x0000000083b00000, 0x0000000083b00000| Untracked 
|  60|0x0000000083c00000, 0x0000000083c00000, 0x0000000083d00000|  0%| F|  |TAMS 0x0000000083c00000, 0x0000000083c00000| Untracked 
|  61|0x0000000083d00000, 0x0000000083d00000, 0x0000000083e00000|  0%| F|  |TAMS 0x0000000083d00000, 0x0000000083d00000| Untracked 
|  62|0x0000000083e00000, 0x0000000083e00000, 0x0000000083f00000|  0%| F|  |TAMS 0x0000000083e00000, 0x0000000083e00000| Untracked 
|  63|0x0000000083f00000, 0x0000000083f00000, 0x0000000084000000|  0%| F|  |TAMS 0x0000000083f00000, 0x0000000083f00000| Untracked 
|  64|0x0000000084000000, 0x0000000084000000, 0x0000000084100000|  0%| F|  |TAMS 0x0000000084000000, 0x0000000084000000| Untracked 
|  65|0x0000000084100000, 0x0000000084100000, 0x0000000084200000|  0%| F|  |TAMS 0x0000000084100000, 0x0000000084100000| Untracked 
|  66|0x0000000084200000, 0x0000000084200000, 0x0000000084300000|  0%| F|  |TAMS 0x0000000084200000, 0x0000000084200000| Untracked 
|  67|0x0000000084300000, 0x0000000084300000, 0x0000000084400000|  0%| F|  |TAMS 0x0000000084300000, 0x0000000084300000| Untracked 
|  68|0x0000000084400000, 0x0000000084400000, 0x0000000084500000|  0%| F|  |TAMS 0x0000000084400000, 0x0000000084400000| Untracked 
|  69|0x0000000084500000, 0x0000000084500000, 0x0000000084600000|  0%| F|  |TAMS 0x0000000084500000, 0x0000000084500000| Untracked 
|  70|0x0000000084600000, 0x0000000084600000, 0x0000000084700000|  0%| F|  |TAMS 0x0000000084600000, 0x0000000084600000| Untracked 
|  71|0x0000000084700000, 0x000000008474df40, 0x0000000084800000| 30%| S|CS|TAMS 0x0000000084700000, 0x0000000084700000| Complete 
|  72|0x0000000084800000, 0x0000000084900000, 0x0000000084900000|100%| S|CS|TAMS 0x0000000084800000, 0x0000000084800000| Complete 
|  73|0x0000000084900000, 0x0000000084900000, 0x0000000084a00000|  0%| F|  |TAMS 0x0000000084900000, 0x0000000084900000| Untracked 
|  74|0x0000000084a00000, 0x0000000084a00000, 0x0000000084b00000|  0%| F|  |TAMS 0x0000000084a00000, 0x0000000084a00000| Untracked 
|  75|0x0000000084b00000, 0x0000000084c00000, 0x0000000084c00000|100%| S|CS|TAMS 0x0000000084b00000, 0x0000000084b00000| Complete 
|  76|0x0000000084c00000, 0x0000000084d00000, 0x0000000084d00000|100%| S|CS|TAMS 0x0000000084c00000, 0x0000000084c00000| Complete 
|  77|0x0000000084d00000, 0x0000000084d00000, 0x0000000084e00000|  0%| F|  |TAMS 0x0000000084d00000, 0x0000000084d00000| Untracked 
|  78|0x0000000084e00000, 0x0000000084e00000, 0x0000000084f00000|  0%| F|  |TAMS 0x0000000084e00000, 0x0000000084e00000| Untracked 
|  79|0x0000000084f00000, 0x0000000084f00000, 0x0000000085000000|  0%| F|  |TAMS 0x0000000084f00000, 0x0000000084f00000| Untracked 
|  80|0x0000000085000000, 0x0000000085000000, 0x0000000085100000|  0%| F|  |TAMS 0x0000000085000000, 0x0000000085000000| Untracked 
|  81|0x0000000085100000, 0x0000000085100000, 0x0000000085200000|  0%| F|  |TAMS 0x0000000085100000, 0x0000000085100000| Untracked 
|  82|0x0000000085200000, 0x0000000085200000, 0x0000000085300000|  0%| F|  |TAMS 0x0000000085200000, 0x0000000085200000| Untracked 
|  83|0x0000000085300000, 0x0000000085300000, 0x0000000085400000|  0%| F|  |TAMS 0x0000000085300000, 0x0000000085300000| Untracked 
|  84|0x0000000085400000, 0x0000000085400000, 0x0000000085500000|  0%| F|  |TAMS 0x0000000085400000, 0x0000000085400000| Untracked 
|  85|0x0000000085500000, 0x0000000085500000, 0x0000000085600000|  0%| F|  |TAMS 0x0000000085500000, 0x0000000085500000| Untracked 
|  86|0x0000000085600000, 0x00000000856e9da8, 0x0000000085700000| 91%| E|  |TAMS 0x0000000085600000, 0x0000000085600000| Complete 
|  87|0x0000000085700000, 0x0000000085800000, 0x0000000085800000|100%| E|CS|TAMS 0x0000000085700000, 0x0000000085700000| Complete 
|  88|0x0000000085800000, 0x0000000085900000, 0x0000000085900000|100%| E|CS|TAMS 0x0000000085800000, 0x0000000085800000| Complete 
|  89|0x0000000085900000, 0x0000000085a00000, 0x0000000085a00000|100%| E|CS|TAMS 0x0000000085900000, 0x0000000085900000| Complete 
|  90|0x0000000085a00000, 0x0000000085b00000, 0x0000000085b00000|100%| E|CS|TAMS 0x0000000085a00000, 0x0000000085a00000| Complete 
|  91|0x0000000085b00000, 0x0000000085c00000, 0x0000000085c00000|100%| E|CS|TAMS 0x0000000085b00000, 0x0000000085b00000| Complete 
|  92|0x0000000085c00000, 0x0000000085d00000, 0x0000000085d00000|100%| E|CS|TAMS 0x0000000085c00000, 0x0000000085c00000| Complete 
|  93|0x0000000085d00000, 0x0000000085e00000, 0x0000000085e00000|100%| E|CS|TAMS 0x0000000085d00000, 0x0000000085d00000| Complete 
|  94|0x0000000085e00000, 0x0000000085f00000, 0x0000000085f00000|100%| E|CS|TAMS 0x0000000085e00000, 0x0000000085e00000| Complete 
|  95|0x0000000085f00000, 0x0000000086000000, 0x0000000086000000|100%| E|CS|TAMS 0x0000000085f00000, 0x0000000085f00000| Complete 
|  96|0x0000000086000000, 0x0000000086100000, 0x0000000086100000|100%| E|CS|TAMS 0x0000000086000000, 0x0000000086000000| Complete 
|  97|0x0000000086100000, 0x0000000086200000, 0x0000000086200000|100%| E|CS|TAMS 0x0000000086100000, 0x0000000086100000| Complete 
|  98|0x0000000086200000, 0x0000000086300000, 0x0000000086300000|100%| E|CS|TAMS 0x0000000086200000, 0x0000000086200000| Complete 
| 125|0x0000000087d00000, 0x0000000087e00000, 0x0000000087e00000|100%| E|CS|TAMS 0x0000000087d00000, 0x0000000087d00000| Complete 

Card table byte_map: [0x0000021473d70000,0x0000021474170000] _byte_map_base: 0x0000021473970000

Marking Bits (Prev, Next): (CMBitMap*) 0x00000214611cb030, (CMBitMap*) 0x00000214611caff0
 Prev Bits: [0x0000021476570000, 0x0000021478570000)
 Next Bits: [0x0000021474570000, 0x0000021476570000)

Polling page: 0x000002145f0b0000

Metaspace:

Usage:
  Non-class:     62.37 MB used.
      Class:      9.58 MB used.
       Both:     71.95 MB used.

Virtual space:
  Non-class space:       64.00 MB reserved,      62.62 MB ( 98%) committed,  8 nodes.
      Class space:        1.00 GB reserved,       9.81 MB ( <1%) committed,  1 nodes.
             Both:        1.06 GB reserved,      72.44 MB (  7%) committed. 

Chunk freelists:
   Non-Class:  1.32 MB
       Class:  2.11 MB
        Both:  3.43 MB

MaxMetaspaceSize: unlimited
CompressedClassSpaceSize: 1.00 GB
Initial GC threshold: 21.00 MB
Current GC threshold: 113.69 MB
CDS: off
MetaspaceReclaimPolicy: balanced
 - commit_granule_bytes: 65536.
 - commit_granule_words: 8192.
 - virtual_space_node_default_size: 1048576.
 - enlarge_chunks_in_place: 1.
 - new_chunks_are_fully_committed: 0.
 - uncommit_free_chunks: 1.
 - use_allocation_guard: 0.
 - handle_deallocations: 1.


Internal statistics:

num_allocs_failed_limit: 9.
num_arena_births: 562.
num_arena_deaths: 0.
num_vsnodes_births: 9.
num_vsnodes_deaths: 0.
num_space_committed: 1159.
num_space_uncommitted: 0.
num_chunks_returned_to_freelist: 9.
num_chunks_taken_from_freelist: 3056.
num_chunk_merges: 3.
num_chunk_splits: 2064.
num_chunks_enlarged: 1424.
num_purges: 0.
num_inconsistent_stats: 0.

CodeHeap 'non-profiled nmethods': size=120000Kb used=3896Kb max_used=3896Kb free=116103Kb
 bounds [0x000002146c110000, 0x000002146c4e0000, 0x0000021473640000]
CodeHeap 'profiled nmethods': size=120000Kb used=12363Kb max_used=12363Kb free=107636Kb
 bounds [0x0000021464640000, 0x0000021465260000, 0x000002146bb70000]
CodeHeap 'non-nmethods': size=5760Kb used=2354Kb max_used=2441Kb free=3405Kb
 bounds [0x000002146bb70000, 0x000002146bdf0000, 0x000002146c110000]
 total_blobs=7251 nmethods=6373 adapters=790
 compilation: enabled
              stopped_count=0, restarted_count=0
 full_count=0

Compilation events (20 events):
Event: 11.228 Thread 0x000002147afee980 7238       3       java.lang.Long::equals (30 bytes)
Event: 11.228 Thread 0x000002147afee980 nmethod 7238 0x000002146524d790 code [0x000002146524d940, 0x000002146524dd18]
Event: 11.228 Thread 0x000002147afee980 7239       3       org.gradle.internal.Actions$NullAction::execute (1 bytes)
Event: 11.228 Thread 0x000002147afee980 nmethod 7239 0x000002146524de10 code [0x000002146524dfa0, 0x000002146524e0b8]
Event: 11.228 Thread 0x000002147afee980 7241       3       java.util.Collections$UnmodifiableSet::<init> (6 bytes)
Event: 11.229 Thread 0x000002147afee980 nmethod 7241 0x000002146524e190 code [0x000002146524e340, 0x000002146524e668]
Event: 11.229 Thread 0x000002147afee980 7243       3       org.gradle.api.internal.artifacts.result.DefaultResolutionResult::eachElement (92 bytes)
Event: 11.229 Thread 0x000002147afee980 nmethod 7243 0x000002146524e790 code [0x000002146524ea40, 0x000002146524f998]
Event: 11.229 Thread 0x000002147afee980 7240       1       org.gradle.api.internal.artifacts.result.DefaultResolvedDependencyResult::getSelected (5 bytes)
Event: 11.229 Thread 0x000002147afee980 nmethod 7240 0x000002146c4dd610 code [0x000002146c4dd7a0, 0x000002146c4dd878]
Event: 11.229 Thread 0x000002147afee980 7244       1       org.gradle.api.internal.artifacts.result.DefaultResolvedComponentResult::getId (5 bytes)
Event: 11.229 Thread 0x000002147afee980 nmethod 7244 0x000002146c4dd910 code [0x000002146c4ddaa0, 0x000002146c4ddb78]
Event: 11.229 Thread 0x000002147afee980 7248       3       com.android.build.gradle.internal.utils.ViolatingPluginDetector$detect$violatingPlugins$1::invoke (9 bytes)
Event: 11.229 Thread 0x000002147afee980 nmethod 7248 0x000002146524fe10 code [0x000002146524ffc0, 0x0000021465250208]
Event: 11.230 Thread 0x000002147afee980 7245       1       com.android.build.gradle.internal.utils.ViolatingPluginDetector::access$getPluginToSearch$p (5 bytes)
Event: 11.230 Thread 0x000002147afee980 nmethod 7245 0x000002146c4ddc10 code [0x000002146c4ddda0, 0x000002146c4dde58]
Event: 11.230 Thread 0x000002147afee980 7246       1       com.android.build.gradle.internal.utils.DependencyInfo::getDependencyGroup (5 bytes)
Event: 11.230 Thread 0x000002147afee980 nmethod 7246 0x000002146c4ddf10 code [0x000002146c4de0a0, 0x000002146c4de178]
Event: 11.230 Thread 0x000002147afee980 7249       3       com.android.build.gradle.internal.utils.ViolatingPluginDetector$detect$violatingPlugins$1::invoke (94 bytes)
Event: 11.231 Thread 0x000002147afee980 nmethod 7249 0x0000021465250310 code [0x0000021465250600, 0x00000214652515d8]

GC Heap History (20 events):
Event: 7.754 GC heap before
{Heap before GC invocations=20 (full 0):
 garbage-first heap   total 78848K, used 50548K [0x0000000080000000, 0x0000000100000000)
  region size 1024K, 11 young (11264K), 3 survivors (3072K)
 Metaspace       used 50210K, committed 50624K, reserved 1097728K
  class space    used 6618K, committed 6784K, reserved 1048576K
}
Event: 7.758 GC heap after
{Heap after GC invocations=21 (full 0):
 garbage-first heap   total 78848K, used 45354K [0x0000000080000000, 0x0000000100000000)
  region size 1024K, 2 young (2048K), 2 survivors (2048K)
 Metaspace       used 50210K, committed 50624K, reserved 1097728K
  class space    used 6618K, committed 6784K, reserved 1048576K
}
Event: 7.982 GC heap before
{Heap before GC invocations=21 (full 0):
 garbage-first heap   total 78848K, used 56618K [0x0000000080000000, 0x0000000100000000)
  region size 1024K, 13 young (13312K), 2 survivors (2048K)
 Metaspace       used 51813K, committed 52224K, reserved 1097728K
  class space    used 6834K, committed 7040K, reserved 1048576K
}
Event: 7.984 GC heap after
{Heap after GC invocations=22 (full 0):
 garbage-first heap   total 78848K, used 45967K [0x0000000080000000, 0x0000000100000000)
  region size 1024K, 1 young (1024K), 1 survivors (1024K)
 Metaspace       used 51813K, committed 52224K, reserved 1097728K
  class space    used 6834K, committed 7040K, reserved 1048576K
}
Event: 8.134 GC heap before
{Heap before GC invocations=23 (full 0):
 garbage-first heap   total 83968K, used 57231K [0x0000000080000000, 0x0000000100000000)
  region size 1024K, 13 young (13312K), 1 survivors (1024K)
 Metaspace       used 53903K, committed 54400K, reserved 1097728K
  class space    used 7086K, committed 7296K, reserved 1048576K
}
Event: 8.135 GC heap after
{Heap after GC invocations=24 (full 0):
 garbage-first heap   total 83968K, used 46406K [0x0000000080000000, 0x0000000100000000)
  region size 1024K, 1 young (1024K), 1 survivors (1024K)
 Metaspace       used 53903K, committed 54400K, reserved 1097728K
  class space    used 7086K, committed 7296K, reserved 1048576K
}
Event: 8.448 GC heap before
{Heap before GC invocations=24 (full 0):
 garbage-first heap   total 83968K, used 61766K [0x0000000080000000, 0x0000000100000000)
  region size 1024K, 16 young (16384K), 1 survivors (1024K)
 Metaspace       used 56817K, committed 57280K, reserved 1105920K
  class space    used 7449K, committed 7680K, reserved 1048576K
}
Event: 8.451 GC heap after
{Heap after GC invocations=25 (full 0):
 garbage-first heap   total 101376K, used 46884K [0x0000000080000000, 0x0000000100000000)
  region size 1024K, 2 young (2048K), 2 survivors (2048K)
 Metaspace       used 56817K, committed 57280K, reserved 1105920K
  class space    used 7449K, committed 7680K, reserved 1048576K
}
Event: 8.878 GC heap before
{Heap before GC invocations=26 (full 0):
 garbage-first heap   total 101376K, used 72484K [0x0000000080000000, 0x0000000100000000)
  region size 1024K, 27 young (27648K), 2 survivors (2048K)
 Metaspace       used 61632K, committed 62080K, reserved 1105920K
  class space    used 8054K, committed 8256K, reserved 1048576K
}
Event: 8.882 GC heap after
{Heap after GC invocations=27 (full 0):
 garbage-first heap   total 101376K, used 48448K [0x0000000080000000, 0x0000000100000000)
  region size 1024K, 3 young (3072K), 3 survivors (3072K)
 Metaspace       used 61632K, committed 62080K, reserved 1105920K
  class space    used 8054K, committed 8256K, reserved 1048576K
}
Event: 9.122 GC heap before
{Heap before GC invocations=27 (full 0):
 garbage-first heap   total 101376K, used 74048K [0x0000000080000000, 0x0000000100000000)
  region size 1024K, 29 young (29696K), 3 survivors (3072K)
 Metaspace       used 64883K, committed 65344K, reserved 1105920K
  class space    used 8437K, committed 8640K, reserved 1048576K
}
Event: 9.129 GC heap after
{Heap after GC invocations=28 (full 0):
 garbage-first heap   total 101376K, used 51423K [0x0000000080000000, 0x0000000100000000)
  region size 1024K, 4 young (4096K), 4 survivors (4096K)
 Metaspace       used 64883K, committed 65344K, reserved 1105920K
  class space    used 8437K, committed 8640K, reserved 1048576K
}
Event: 9.583 GC heap before
{Heap before GC invocations=29 (full 0):
 garbage-first heap   total 101376K, used 66783K [0x0000000080000000, 0x0000000100000000)
  region size 1024K, 21 young (21504K), 4 survivors (4096K)
 Metaspace       used 66408K, committed 66880K, reserved 1114112K
  class space    used 8604K, committed 8832K, reserved 1048576K
}
Event: 9.589 GC heap after
{Heap after GC invocations=30 (full 0):
 garbage-first heap   total 101376K, used 53044K [0x0000000080000000, 0x0000000100000000)
  region size 1024K, 2 young (2048K), 2 survivors (2048K)
 Metaspace       used 66408K, committed 66880K, reserved 1114112K
  class space    used 8604K, committed 8832K, reserved 1048576K
}
Event: 10.119 GC heap before
{Heap before GC invocations=31 (full 0):
 garbage-first heap   total 101376K, used 79668K [0x0000000080000000, 0x0000000100000000)
  region size 1024K, 27 young (27648K), 2 survivors (2048K)
 Metaspace       used 67221K, committed 67712K, reserved 1114112K
  class space    used 8740K, committed 8960K, reserved 1048576K
}
Event: 10.124 GC heap after
{Heap after GC invocations=32 (full 0):
 garbage-first heap   total 101376K, used 54920K [0x0000000080000000, 0x0000000100000000)
  region size 1024K, 4 young (4096K), 4 survivors (4096K)
 Metaspace       used 67221K, committed 67712K, reserved 1114112K
  class space    used 8740K, committed 8960K, reserved 1048576K
}
Event: 10.578 GC heap before
{Heap before GC invocations=32 (full 0):
 garbage-first heap   total 101376K, used 79496K [0x0000000080000000, 0x0000000100000000)
  region size 1024K, 28 young (28672K), 4 survivors (4096K)
 Metaspace       used 69111K, committed 69568K, reserved 1114112K
  class space    used 9001K, committed 9216K, reserved 1048576K
}
Event: 10.584 GC heap after
{Heap after GC invocations=33 (full 0):
 garbage-first heap   total 101376K, used 56846K [0x0000000080000000, 0x0000000100000000)
  region size 1024K, 2 young (2048K), 2 survivors (2048K)
 Metaspace       used 69111K, committed 69568K, reserved 1114112K
  class space    used 9001K, committed 9216K, reserved 1048576K
}
Event: 11.045 GC heap before
{Heap before GC invocations=34 (full 0):
 garbage-first heap   total 102400K, used 80398K [0x0000000080000000, 0x0000000100000000)
  region size 1024K, 25 young (25600K), 2 survivors (2048K)
 Metaspace       used 72400K, committed 72896K, reserved 1114112K
  class space    used 9625K, committed 9856K, reserved 1048576K
}
Event: 11.048 GC heap after
{Heap after GC invocations=35 (full 0):
 garbage-first heap   total 102400K, used 58182K [0x0000000080000000, 0x0000000100000000)
  region size 1024K, 4 young (4096K), 4 survivors (4096K)
 Metaspace       used 72400K, committed 72896K, reserved 1114112K
  class space    used 9625K, committed 9856K, reserved 1048576K
}

Dll operation events (2 events):
Event: 0.004 Loaded shared library C:\Program Files\Android\Android Studio\jbr\bin\java.dll
Event: 0.533 Loaded shared library C:\Program Files\Android\Android Studio\jbr\bin\verify.dll

Deoptimization events (20 events):
Event: 10.199 Thread 0x000002147cef7440 Uncommon trap: trap_request=0xffffff45 fr.pc=0x000002146c236b54 relative=0x0000000000000794
Event: 10.199 Thread 0x000002147cef7440 Uncommon trap: reason=unstable_if action=reinterpret pc=0x000002146c236b54 method=groovy.lang.MetaClassImpl.filterPropertyMethod(Ljava/lang/Object;ZZ)Ljava/lang/Object; @ 72 c2
Event: 10.199 Thread 0x000002147cef7440 DEOPT PACKING pc=0x000002146c236b54 sp=0x00000058e71f4a10
Event: 10.199 Thread 0x000002147cef7440 DEOPT UNPACKING pc=0x000002146bbc69a3 sp=0x00000058e71f4998 mode 2
Event: 11.091 Thread 0x000002147cef7440 Uncommon trap: trap_request=0xffffffde fr.pc=0x000002146c48da08 relative=0x0000000000000da8
Event: 11.091 Thread 0x000002147cef7440 Uncommon trap: reason=class_check action=maybe_recompile pc=0x000002146c48da08 method=org.gradle.internal.instantiation.generator.AbstractClassGenerator$InjectionAnnotationValidator.validateMethod(Ljava/lang/reflect/Method;Lorg/gradle/internal/reflect/Pro
Event: 11.091 Thread 0x000002147cef7440 DEOPT PACKING pc=0x000002146c48da08 sp=0x00000058e71f8a90
Event: 11.091 Thread 0x000002147cef7440 DEOPT UNPACKING pc=0x000002146bbc69a3 sp=0x00000058e71f8a58 mode 2
Event: 11.204 Thread 0x000002147cef7440 Uncommon trap: trap_request=0xffffff45 fr.pc=0x000002146c384b60 relative=0x00000000000001c0
Event: 11.204 Thread 0x000002147cef7440 Uncommon trap: reason=unstable_if action=reinterpret pc=0x000002146c384b60 method=com.esotericsoftware.kryo.io.Input.require(I)I @ 65 c2
Event: 11.204 Thread 0x000002147cef7440 DEOPT PACKING pc=0x000002146c384b60 sp=0x00000058e71f8ef0
Event: 11.204 Thread 0x000002147cef7440 DEOPT UNPACKING pc=0x000002146bbc69a3 sp=0x00000058e71f8eb0 mode 2
Event: 11.231 Thread 0x000002147cef7440 Uncommon trap: trap_request=0xfffffff4 fr.pc=0x000002146c3aae40 relative=0x00000000000006e0
Event: 11.231 Thread 0x000002147cef7440 Uncommon trap: reason=null_check action=make_not_entrant pc=0x000002146c3aae40 method=org.gradle.util.internal.SimpleMapInterner.intern(Ljava/lang/Object;)Ljava/lang/Object; @ 2 c2
Event: 11.231 Thread 0x000002147cef7440 DEOPT PACKING pc=0x000002146c3aae40 sp=0x00000058e71f9320
Event: 11.231 Thread 0x000002147cef7440 DEOPT UNPACKING pc=0x000002146bbc69a3 sp=0x00000058e71f92e8 mode 2
Event: 11.231 Thread 0x000002147cef7440 Uncommon trap: trap_request=0xffffff45 fr.pc=0x000002146c3ac0b8 relative=0x0000000000000758
Event: 11.231 Thread 0x000002147cef7440 Uncommon trap: reason=unstable_if action=reinterpret pc=0x000002146c3ac0b8 method=org.gradle.util.internal.SimpleMapInterner.intern(Ljava/lang/String;)Ljava/lang/String; @ 1 c2
Event: 11.231 Thread 0x000002147cef7440 DEOPT PACKING pc=0x000002146c3ac0b8 sp=0x00000058e71f92b0
Event: 11.231 Thread 0x000002147cef7440 DEOPT UNPACKING pc=0x000002146bbc69a3 sp=0x00000058e71f9278 mode 2

Classes unloaded (0 events):
No events

Classes redefined (0 events):
No events

Internal exceptions (20 events):
Event: 10.217 Thread 0x000002147cef7440 Exception <a 'java/lang/ClassNotFoundException'{0x0000000085a851d0}: org/gradle/api/JavaVersionCustomizer> (0x0000000085a851d0) 
thrown [s\src\hotspot\share\classfile\systemDictionary.cpp, line 256]
Event: 10.223 Thread 0x000002147cef7440 Exception <a 'java/lang/ClassNotFoundException'{0x0000000085ad22c0}: com/android/build/gradle/internal/CompileOptions$AgpDecorated_DecoratedBeanInfo> (0x0000000085ad22c0) 
thrown [s\src\hotspot\share\classfile\systemDictionary.cpp, line 256]
Event: 10.223 Thread 0x000002147cef7440 Exception <a 'java/lang/ClassNotFoundException'{0x0000000085add840}: com/android/build/gradle/internal/CompileOptions$AgpDecoratedBeanInfo> (0x0000000085add840) 
thrown [s\src\hotspot\share\classfile\systemDictionary.cpp, line 256]
Event: 10.224 Thread 0x000002147cef7440 Exception <a 'java/lang/ClassNotFoundException'{0x0000000085ae9490}: com/android/build/gradle/internal/CompileOptionsBeanInfo> (0x0000000085ae9490) 
thrown [s\src\hotspot\share\classfile\systemDictionary.cpp, line 256]
Event: 10.224 Thread 0x000002147cef7440 Exception <a 'java/lang/ClassNotFoundException'{0x0000000085af50c0}: com/android/build/gradle/internal/CompileOptionsCustomizer> (0x0000000085af50c0) 
thrown [s\src\hotspot\share\classfile\systemDictionary.cpp, line 256]
Event: 10.226 Thread 0x000002147cef7440 Exception <a 'java/lang/ClassNotFoundException'{0x000000008590cb18}: com/android/build/gradle/internal/CompileOptions$AgpDecoratedCustomizer> (0x000000008590cb18) 
thrown [s\src\hotspot\share\classfile\systemDictionary.cpp, line 256]
Event: 10.227 Thread 0x000002147cef7440 Exception <a 'java/lang/ClassNotFoundException'{0x0000000085926b18}: com/android/build/gradle/internal/CompileOptions$AgpDecorated_DecoratedCustomizer> (0x0000000085926b18) 
thrown [s\src\hotspot\share\classfile\systemDictionary.cpp, line 256]
Event: 10.235 Thread 0x000002147cef7440 Exception <a 'java/lang/ClassNotFoundException'{0x000000008599ef20}: org/gradle/api/internal/artifacts/dsl/dependencies/DefaultDependencyHandler_DecoratedBeanInfo> (0x000000008599ef20) 
thrown [s\src\hotspot\share\classfile\systemDictionary.cpp, line 256]
Event: 10.237 Thread 0x000002147cef7440 Exception <a 'java/lang/ClassNotFoundException'{0x00000000859b51f8}: org/gradle/api/internal/artifacts/dsl/dependencies/DefaultDependencyHandlerBeanInfo> (0x00000000859b51f8) 
thrown [s\src\hotspot\share\classfile\systemDictionary.cpp, line 256]
Event: 10.238 Thread 0x000002147cef7440 Exception <a 'java/lang/ClassNotFoundException'{0x00000000859cac98}: org/gradle/api/internal/artifacts/dsl/dependencies/DefaultDependencyHandlerCustomizer> (0x00000000859cac98) 
thrown [s\src\hotspot\share\classfile\systemDictionary.cpp, line 256]
Event: 10.242 Thread 0x000002147cef7440 Exception <a 'java/lang/ClassNotFoundException'{0x0000000085805ae8}: org/gradle/api/internal/artifacts/dsl/dependencies/DefaultDependencyHandler_DecoratedCustomizer> (0x0000000085805ae8) 
thrown [s\src\hotspot\share\classfile\systemDictionary.cpp, line 256]
Event: 11.140 Thread 0x000002147cef7440 Exception <a 'java/lang/ClassNotFoundException'{0x0000000085cc2340}: com/android/build/gradle/internal/api/ApkVariantOutputImpl_DecoratedBeanInfo> (0x0000000085cc2340) 
thrown [s\src\hotspot\share\classfile\systemDictionary.cpp, line 256]
Event: 11.140 Thread 0x000002147cef7440 Exception <a 'java/lang/ClassNotFoundException'{0x0000000085ccd940}: com/android/build/gradle/internal/api/ApkVariantOutputImplBeanInfo> (0x0000000085ccd940) 
thrown [s\src\hotspot\share\classfile\systemDictionary.cpp, line 256]
Event: 11.141 Thread 0x000002147cef7440 Exception <a 'java/lang/ClassNotFoundException'{0x0000000085cd8f50}: com/android/build/gradle/internal/api/BaseVariantOutputImplBeanInfo> (0x0000000085cd8f50) 
thrown [s\src\hotspot\share\classfile\systemDictionary.cpp, line 256]
Event: 11.142 Thread 0x000002147cef7440 Exception <a 'java/lang/ClassNotFoundException'{0x0000000085ce4538}: com/android/build/gradle/internal/api/BaseVariantOutputImplCustomizer> (0x0000000085ce4538) 
thrown [s\src\hotspot\share\classfile\systemDictionary.cpp, line 256]
Event: 11.143 Thread 0x000002147cef7440 Exception <a 'java/lang/ClassNotFoundException'{0x0000000085b03110}: com/android/build/gradle/internal/api/ApkVariantOutputImplCustomizer> (0x0000000085b03110) 
thrown [s\src\hotspot\share\classfile\systemDictionary.cpp, line 256]
Event: 11.144 Thread 0x000002147cef7440 Exception <a 'java/lang/ClassNotFoundException'{0x0000000085b1c598}: com/android/build/gradle/internal/api/ApkVariantOutputImpl_DecoratedCustomizer> (0x0000000085b1c598) 
thrown [s\src\hotspot\share\classfile\systemDictionary.cpp, line 256]
Event: 11.157 Thread 0x000002147cef7440 Exception <a 'java/lang/NoClassDefFoundError'{0x0000000085a0e660}: org/jetbrains/kotlin/gradle/plugin/KotlinBasePluginWrapper> (0x0000000085a0e660) 
thrown [s\src\hotspot\share\classfile\systemDictionary.cpp, line 245]
Event: 11.230 Thread 0x000002147cef7440 Implicit null exception at 0x000002146c3aa792 to 0x000002146c3aae30
Event: 11.231 Thread 0x000002147cef7440 Implicit null exception at 0x000002146c3ab994 to 0x000002146c3ac0a0

VM Operations (20 events):
Event: 9.583 Executing VM operation: G1TryInitiateConcMark
Event: 9.589 Executing VM operation: G1TryInitiateConcMark done
Event: 9.639 Executing VM operation: G1Concurrent
Event: 9.644 Executing VM operation: G1Concurrent done
Event: 9.663 Executing VM operation: G1Concurrent
Event: 9.664 Executing VM operation: G1Concurrent done
Event: 10.119 Executing VM operation: G1CollectForAllocation
Event: 10.125 Executing VM operation: G1CollectForAllocation done
Event: 10.290 Executing VM operation: HandshakeAllThreads
Event: 10.290 Executing VM operation: HandshakeAllThreads done
Event: 10.578 Executing VM operation: G1CollectForAllocation
Event: 10.584 Executing VM operation: G1CollectForAllocation done
Event: 10.637 Executing VM operation: G1Concurrent
Event: 10.643 Executing VM operation: G1Concurrent done
Event: 10.661 Executing VM operation: G1Concurrent
Event: 10.661 Executing VM operation: G1Concurrent done
Event: 10.987 Executing VM operation: HandshakeAllThreads
Event: 10.987 Executing VM operation: HandshakeAllThreads done
Event: 11.045 Executing VM operation: G1CollectForAllocation
Event: 11.048 Executing VM operation: G1CollectForAllocation done

Events (20 events):
Event: 8.927 loading class java/util/Base64$Encoder
Event: 8.927 loading class java/util/Base64$Encoder done
Event: 8.927 loading class java/util/jar/JarVerifier$VerifierStream
Event: 8.927 loading class java/util/jar/JarVerifier$VerifierStream done
Event: 8.927 loading class sun/security/util/ManifestEntryVerifier$SunProviderHolder
Event: 8.927 loading class sun/security/util/ManifestEntryVerifier$SunProviderHolder done
Event: 8.979 loading class sun/nio/fs/WindowsException
Event: 8.980 loading class sun/nio/fs/WindowsException done
Event: 9.242 loading class java/security/KeyStore
Event: 9.244 loading class java/security/KeyStore done
Event: 9.244 loading class java/security/KeyStore$1
Event: 9.244 loading class java/security/KeyStore$1 done
Event: 9.500 loading class sun/reflect/annotation/AnnotationInvocationHandler$1
Event: 9.500 loading class sun/reflect/annotation/AnnotationInvocationHandler$1 done
Event: 9.613 loading class jdk/internal/vm/annotation/ForceInline
Event: 9.613 loading class jdk/internal/vm/annotation/ForceInline done
Event: 9.698 loading class java/util/regex/Pattern$Caret
Event: 9.698 loading class java/util/regex/Pattern$Caret done
Event: 10.067 loading class java/beans/IntrospectionException
Event: 10.067 loading class java/beans/IntrospectionException done


Dynamic libraries:
0x00007ff70a890000 - 0x00007ff70a89a000 	C:\Program Files\Android\Android Studio\jbr\bin\java.exe
0x00007fffaa9b0000 - 0x00007fffaaba8000 	C:\Windows\SYSTEM32\ntdll.dll
0x00007fffaa820000 - 0x00007fffaa8df000 	C:\Windows\System32\KERNEL32.DLL
0x00007fffa8090000 - 0x00007fffa8386000 	C:\Windows\System32\KERNELBASE.dll
0x00007fffa8820000 - 0x00007fffa8920000 	C:\Windows\System32\ucrtbase.dll
0x00007fff82a50000 - 0x00007fff82a67000 	C:\Program Files\Android\Android Studio\jbr\bin\jli.dll
0x00007fffa2680000 - 0x00007fffa269b000 	C:\Program Files\Android\Android Studio\jbr\bin\VCRUNTIME140.dll
0x00007fffa9e60000 - 0x00007fffa9ffd000 	C:\Windows\System32\USER32.dll
0x00007fffa8390000 - 0x00007fffa83b2000 	C:\Windows\System32\win32u.dll
0x00007fff8ae40000 - 0x00007fff8b0da000 	C:\Windows\WinSxS\amd64_microsoft.windows.common-controls_6595b64144ccf1df_6.0.19041.1110_none_60b5254171f9507e\COMCTL32.dll
0x00007fffa8a90000 - 0x00007fffa8abc000 	C:\Windows\System32\GDI32.dll
0x00007fffa9630000 - 0x00007fffa96ce000 	C:\Windows\System32\msvcrt.dll
0x00007fffa8460000 - 0x00007fffa8575000 	C:\Windows\System32\gdi32full.dll
0x00007fffa83c0000 - 0x00007fffa845d000 	C:\Windows\System32\msvcp_win.dll
0x00007fffa9dd0000 - 0x00007fffa9e00000 	C:\Windows\System32\IMM32.DLL
0x00007fffa3e40000 - 0x00007fffa3e4c000 	C:\Program Files\Android\Android Studio\jbr\bin\vcruntime140_1.dll
0x00007fff7dea0000 - 0x00007fff7df2d000 	C:\Program Files\Android\Android Studio\jbr\bin\msvcp140.dll
0x00007fff5e210000 - 0x00007fff5ee7d000 	C:\Program Files\Android\Android Studio\jbr\bin\server\jvm.dll
0x00007fffaa000000 - 0x00007fffaa0af000 	C:\Windows\System32\ADVAPI32.dll
0x00007fffaa520000 - 0x00007fffaa5bc000 	C:\Windows\System32\sechost.dll
0x00007fffa97c0000 - 0x00007fffa98e6000 	C:\Windows\System32\RPCRT4.dll
0x00007fffa3610000 - 0x00007fffa3619000 	C:\Windows\SYSTEM32\WSOCK32.dll
0x00007fff97120000 - 0x00007fff97147000 	C:\Windows\SYSTEM32\WINMM.dll
0x00007fffa9bf0000 - 0x00007fffa9c5b000 	C:\Windows\System32\WS2_32.dll
0x00007fffa2380000 - 0x00007fffa238a000 	C:\Windows\SYSTEM32\VERSION.dll
0x00007fffa5f40000 - 0x00007fffa5f52000 	C:\Windows\SYSTEM32\kernel.appcore.dll
0x00007fffa27f0000 - 0x00007fffa27fa000 	C:\Program Files\Android\Android Studio\jbr\bin\jimage.dll
0x00007fff971a0000 - 0x00007fff97384000 	C:\Windows\SYSTEM32\DBGHELP.DLL
0x00007fff96260000 - 0x00007fff96294000 	C:\Windows\SYSTEM32\dbgcore.DLL
0x00007fffa8580000 - 0x00007fffa8602000 	C:\Windows\System32\bcryptPrimitives.dll
0x00007fff8d820000 - 0x00007fff8d845000 	C:\Program Files\Android\Android Studio\jbr\bin\java.dll
0x00007fffa1640000 - 0x00007fffa1658000 	C:\Program Files\Android\Android Studio\jbr\bin\zip.dll
0x00007fffa8b20000 - 0x00007fffa9264000 	C:\Windows\System32\SHELL32.dll
0x00007fffa6140000 - 0x00007fffa68d3000 	C:\Windows\SYSTEM32\windows.storage.dll
0x00007fffa92d0000 - 0x00007fffa9624000 	C:\Windows\System32\combase.dll
0x00007fffa7ae0000 - 0x00007fffa7b0e000 	C:\Windows\SYSTEM32\Wldp.dll
0x00007fffa9a10000 - 0x00007fffa9abd000 	C:\Windows\System32\SHCORE.dll
0x00007fffa8a10000 - 0x00007fffa8a65000 	C:\Windows\System32\shlwapi.dll
0x00007fffa7fd0000 - 0x00007fffa7fef000 	C:\Windows\SYSTEM32\profapi.dll
0x00007fffa13d0000 - 0x00007fffa13e9000 	C:\Program Files\Android\Android Studio\jbr\bin\net.dll
0x00007fff9fed0000 - 0x00007fff9ffda000 	C:\Windows\SYSTEM32\WINHTTP.dll
0x00007fffa7840000 - 0x00007fffa78aa000 	C:\Windows\system32\mswsock.dll
0x00007fffa12c0000 - 0x00007fffa12d6000 	C:\Program Files\Android\Android Studio\jbr\bin\nio.dll
0x00007fff97470000 - 0x00007fff97480000 	C:\Program Files\Android\Android Studio\jbr\bin\verify.dll
0x00007fff86df0000 - 0x00007fff86e17000 	C:\Users\ntdun\.gradle\native\e1d6ef7f7dcc3fd88c89a11ec53ec762bb8ba0a96d01ffa2cd45eb1d1d8dd5c5\windows-amd64\native-platform.dll
0x00007fff69b90000 - 0x00007fff69cd4000 	C:\Users\ntdun\.gradle\native\5664cfc778a61ccfe75a443a1ab52a65af34e5dc3c78e0209fed803814484fcb\windows-amd64\native-platform-file-events.dll
0x00007fffa11a0000 - 0x00007fffa11a9000 	C:\Program Files\Android\Android Studio\jbr\bin\management.dll
0x00007fff97480000 - 0x00007fff9748b000 	C:\Program Files\Android\Android Studio\jbr\bin\management_ext.dll
0x00007fffa96d0000 - 0x00007fffa96d8000 	C:\Windows\System32\PSAPI.DLL
0x00007fffa7a40000 - 0x00007fffa7a58000 	C:\Windows\SYSTEM32\CRYPTSP.dll
0x00007fffa70f0000 - 0x00007fffa7124000 	C:\Windows\system32\rsaenh.dll
0x00007fffa8920000 - 0x00007fffa8947000 	C:\Windows\System32\bcrypt.dll
0x00007fffa7f90000 - 0x00007fffa7fbe000 	C:\Windows\SYSTEM32\USERENV.dll
0x00007fffa7a30000 - 0x00007fffa7a3c000 	C:\Windows\SYSTEM32\CRYPTBASE.dll
0x00007fffa74e0000 - 0x00007fffa751c000 	C:\Windows\SYSTEM32\IPHLPAPI.DLL
0x00007fffa96e0000 - 0x00007fffa96e8000 	C:\Windows\System32\NSI.dll
0x00007fffa1830000 - 0x00007fffa1847000 	C:\Windows\SYSTEM32\dhcpcsvc6.DLL
0x00007fffa17a0000 - 0x00007fffa17bd000 	C:\Windows\SYSTEM32\dhcpcsvc.DLL
0x00007fffa7580000 - 0x00007fffa764a000 	C:\Windows\SYSTEM32\DNSAPI.dll
0x00007fff7d950000 - 0x00007fff7d957000 	C:\Windows\system32\wshunix.dll

dbghelp: loaded successfully - version: 4.0.5 - missing functions: none
symbol engine: initialized successfully - sym options: 0x614 - pdb path: .;C:\Program Files\Android\Android Studio\jbr\bin;C:\Windows\SYSTEM32;C:\Windows\WinSxS\amd64_microsoft.windows.common-controls_6595b64144ccf1df_6.0.19041.1110_none_60b5254171f9507e;C:\Program Files\Android\Android Studio\jbr\bin\server;C:\Users\ntdun\.gradle\native\e1d6ef7f7dcc3fd88c89a11ec53ec762bb8ba0a96d01ffa2cd45eb1d1d8dd5c5\windows-amd64;C:\Users\ntdun\.gradle\native\5664cfc778a61ccfe75a443a1ab52a65af34e5dc3c78e0209fed803814484fcb\windows-amd64

VM Arguments:
jvm_args: --add-opens=java.base/java.util=ALL-UNNAMED --add-opens=java.base/java.lang=ALL-UNNAMED --add-opens=java.base/java.lang.invoke=ALL-UNNAMED --add-opens=java.base/java.util=ALL-UNNAMED --add-opens=java.prefs/java.util.prefs=ALL-UNNAMED --add-opens=java.prefs/java.util.prefs=ALL-UNNAMED --add-opens=java.base/java.nio.charset=ALL-UNNAMED --add-opens=java.base/java.net=ALL-UNNAMED --add-opens=java.base/java.util.concurrent.atomic=ALL-UNNAMED -Xmx2048m -Dfile.encoding=UTF-8 -Duser.country=US -Duser.language=en -Duser.variant 
java_command: org.gradle.launcher.daemon.bootstrap.GradleDaemon 7.3.3
java_class_path (initial): C:\Users\ntdun\.gradle\wrapper\dists\gradle-7.3.3-bin\6a41zxkdtcxs8rphpq6y0069z\gradle-7.3.3\lib\gradle-launcher-7.3.3.jar
Launcher Type: SUN_STANDARD

[Global flags]
     intx CICompilerCount                          = 4                                         {product} {ergonomic}
     uint ConcGCThreads                            = 2                                         {product} {ergonomic}
     uint G1ConcRefinementThreads                  = 8                                         {product} {ergonomic}
   size_t G1HeapRegionSize                         = 1048576                                   {product} {ergonomic}
    uintx GCDrainStackTargetSize                   = 64                                        {product} {ergonomic}
   size_t InitialHeapSize                          = 132120576                                 {product} {ergonomic}
   size_t MarkStackSize                            = 4194304                                   {product} {ergonomic}
   size_t MaxHeapSize                              = 2147483648                                {product} {command line}
   size_t MaxNewSize                               = 1287651328                                {product} {ergonomic}
   size_t MinHeapDeltaBytes                        = 1048576                                   {product} {ergonomic}
   size_t MinHeapSize                              = 8388608                                   {product} {ergonomic}
    uintx NonNMethodCodeHeapSize                   = 5839372                                {pd product} {ergonomic}
    uintx NonProfiledCodeHeapSize                  = 122909434                              {pd product} {ergonomic}
    uintx ProfiledCodeHeapSize                     = 122909434                              {pd product} {ergonomic}
    uintx ReservedCodeCacheSize                    = 251658240                              {pd product} {ergonomic}
     bool SegmentedCodeCache                       = true                                      {product} {ergonomic}
   size_t SoftMaxHeapSize                          = 2147483648                             {manageable} {ergonomic}
     bool UseCompressedClassPointers               = true                           {product lp64_product} {ergonomic}
     bool UseCompressedOops                        = true                           {product lp64_product} {ergonomic}
     bool UseG1GC                                  = true                                      {product} {ergonomic}
     bool UseLargePagesIndividualAllocation        = false                                  {pd product} {ergonomic}

Logging:
Log output configuration:
 #0: stdout all=warning uptime,level,tags
 #1: stderr all=off uptime,level,tags

Environment Variables:
JAVA_HOME=D:\Mob1032\Autostudio\jre
PATH=C:\Program Files (x86)\Common Files\Oracle\Java\javapath;C:\ProgramData\Oracle\Java\javapath;C:\Windows\system32;C:\Windows;C:\Windows\System32\Wbem;C:\Windows\System32\WindowsPowerShell\v1.0\;C:\Windows\System32\OpenSSH\;C:\Program Files\Microsoft SQL Server\Client SDK\ODBC\170\Tools\Binn\;C:\Program Files (x86)\Microsoft SQL Server\150\Tools\Binn\;C:\Program Files\Microsoft SQL Server\150\Tools\Binn\;C:\Program Files\Microsoft SQL Server\150\DTS\Binn\;C:\Program Files (x86)\Microsoft SQL Server\150\DTS\Binn\;D:\SOS\Git\cmd;C:\Program Files\nodejs\;C:\Program Files\Cloudflare\Cloudflare WARP\;C:\Program Files\MySQL\MySQL Shell 8.0\bin\;C:\Users\ntdun\AppData\Local\Microsoft\WindowsApps;C:\Program Files\Azure Data Studio\bin;C:\Users\ntdun\AppData\Local\Programs\Microsoft VS Code\bin;C:\Users\ntdun\AppData\Roaming\npm;C:\Users\ntdun\AppData\Local\Android\Sdk\platforms;C:\Users\ntdun\AppData\Local\Android\Sdk\platform-tools;
USERNAME=ntdun
OS=Windows_NT
PROCESSOR_IDENTIFIER=Intel64 Family 6 Model 165 Stepping 2, GenuineIntel
TMP=C:\Users\ntdun\AppData\Local\Temp
TEMP=C:\Users\ntdun\AppData\Local\Temp



---------------  S Y S T E M  ---------------

OS:
 Windows 10 , 64 bit Build 19041 (10.0.19041.3031)
OS uptime: 1 days 22:37 hours

CPU: total 8 (initial active 8) (4 cores per cpu, 2 threads per core) family 6 model 165 stepping 2 microcode 0xe2, cx8, cmov, fxsr, ht, mmx, 3dnowpref, sse, sse2, sse3, ssse3, sse4.1, sse4.2, popcnt, lzcnt, tsc, tscinvbit, avx, avx2, aes, erms, clmul, bmi1, bmi2, adx, fma, vzeroupper, clflush, clflushopt

Memory: 4k page, system-wide physical 8023M (16M free)
TotalPageFile size 12119M (AvailPageFile size 0M)
current process WorkingSet (physical memory assigned to process): 320M, peak: 320M
current process commit charge ("private bytes"): 362M, peak: 364M

vm_info: OpenJDK 64-Bit Server VM (17.0.6+0-b2043.56-9586694) for windows-amd64 JRE (17.0.6+0-b2043.56-9586694), built on Feb  9 2023 20:06:20 by "androidbuild" with MS VC++ 16.10 / 16.11 (VS2019)

END.
